[2024-07-29 18:16:54,834] INFO [ControllerEventThread controllerId=0] Starting (kafka.controller.ControllerEventManager$ControllerEventThread)
[2024-07-29 18:16:54,919] INFO [Controller id=0] 0 successfully elected as the controller. Epoch incremented to 1 and epoch zk version is now 1 (kafka.controller.KafkaController)
[2024-07-29 18:16:54,930] INFO [Controller id=0] Creating FeatureZNode at path: /feature with contents: FeatureZNode(2,Enabled,Map()) (kafka.controller.KafkaController)
[2024-07-29 18:16:55,042] INFO [Controller id=0] Registering handlers (kafka.controller.KafkaController)
[2024-07-29 18:16:55,059] INFO [Controller id=0] Deleting log dir event notifications (kafka.controller.KafkaController)
[2024-07-29 18:16:55,076] INFO [Controller id=0] Deleting isr change notifications (kafka.controller.KafkaController)
[2024-07-29 18:16:55,090] INFO [Controller id=0] Initializing controller context (kafka.controller.KafkaController)
[2024-07-29 18:16:55,152] INFO [Controller id=0] Initialized broker epochs cache: Map(0 -> 25) (kafka.controller.KafkaController)
[2024-07-29 18:16:55,174] DEBUG [Controller id=0] Register BrokerModifications handler for Set(0) (kafka.controller.KafkaController)
[2024-07-29 18:16:55,193] DEBUG [Channel manager on controller 0]: Controller 0 trying to connect to broker 0 (kafka.controller.ControllerChannelManager)
[2024-07-29 18:16:55,230] INFO [RequestSendThread controllerId=0] Starting (kafka.controller.RequestSendThread)
[2024-07-29 18:16:55,232] INFO [Controller id=0] Currently active brokers in the cluster: Set(0) (kafka.controller.KafkaController)
[2024-07-29 18:16:55,233] INFO [Controller id=0] Currently shutting brokers in the cluster: Set() (kafka.controller.KafkaController)
[2024-07-29 18:16:55,234] INFO [Controller id=0] Current list of topics in the cluster: Set() (kafka.controller.KafkaController)
[2024-07-29 18:16:55,235] INFO [Controller id=0] Fetching topic deletions in progress (kafka.controller.KafkaController)
[2024-07-29 18:16:55,243] INFO [Controller id=0] List of topics to be deleted:  (kafka.controller.KafkaController)
[2024-07-29 18:16:55,244] INFO [Controller id=0] List of topics ineligible for deletion:  (kafka.controller.KafkaController)
[2024-07-29 18:16:55,245] INFO [Controller id=0] Initializing topic deletion manager (kafka.controller.KafkaController)
[2024-07-29 18:16:55,246] INFO [Topic Deletion Manager 0] Initializing manager with initial deletions: Set(), initial ineligible deletions: Set() (kafka.controller.TopicDeletionManager)
[2024-07-29 18:16:55,248] INFO [Controller id=0] Sending update metadata request (kafka.controller.KafkaController)
[2024-07-29 18:16:55,293] INFO [ReplicaStateMachine controllerId=0] Initializing replica state (kafka.controller.ZkReplicaStateMachine)
[2024-07-29 18:16:55,298] INFO [ReplicaStateMachine controllerId=0] Triggering online replica state changes (kafka.controller.ZkReplicaStateMachine)
[2024-07-29 18:16:55,310] INFO [ReplicaStateMachine controllerId=0] Triggering offline replica state changes (kafka.controller.ZkReplicaStateMachine)
[2024-07-29 18:16:55,312] DEBUG [ReplicaStateMachine controllerId=0] Started replica state machine with initial state -> Map() (kafka.controller.ZkReplicaStateMachine)
[2024-07-29 18:16:55,313] INFO [PartitionStateMachine controllerId=0] Initializing partition state (kafka.controller.ZkPartitionStateMachine)
[2024-07-29 18:16:55,316] INFO [PartitionStateMachine controllerId=0] Triggering online partition state changes (kafka.controller.ZkPartitionStateMachine)
[2024-07-29 18:16:55,326] DEBUG [PartitionStateMachine controllerId=0] Started partition state machine with initial state -> Map() (kafka.controller.ZkPartitionStateMachine)
[2024-07-29 18:16:55,327] INFO [Controller id=0] Ready to serve as the new controller with epoch 1 (kafka.controller.KafkaController)
[2024-07-29 18:16:55,350] INFO [Controller id=0] Partitions undergoing preferred replica election:  (kafka.controller.KafkaController)
[2024-07-29 18:16:55,352] INFO [Controller id=0] Partitions that completed preferred replica election:  (kafka.controller.KafkaController)
[2024-07-29 18:16:55,353] INFO [Controller id=0] Skipping preferred replica election for partitions due to topic deletion:  (kafka.controller.KafkaController)
[2024-07-29 18:16:55,360] INFO [Controller id=0] Resuming preferred replica election for partitions:  (kafka.controller.KafkaController)
[2024-07-29 18:16:55,367] INFO [Controller id=0] Starting replica leader election (PREFERRED) for partitions  triggered by ZkTriggered (kafka.controller.KafkaController)
[2024-07-29 18:16:55,404] INFO [Controller id=0] Starting the controller scheduler (kafka.controller.KafkaController)
[2024-07-29 18:16:55,806] INFO [RequestSendThread controllerId=0] Controller 0 connected to 192.168.0.193:9092 (id: 0 rack: null) for sending state change requests (kafka.controller.RequestSendThread)
[2024-07-29 18:17:00,420] INFO [Controller id=0] Processing automatic preferred replica leader election (kafka.controller.KafkaController)
[2024-07-29 18:17:00,421] TRACE [Controller id=0] Checking need to trigger auto leader balancing (kafka.controller.KafkaController)
[2024-07-29 18:22:00,466] INFO [Controller id=0] Processing automatic preferred replica leader election (kafka.controller.KafkaController)
[2024-07-29 18:22:00,476] TRACE [Controller id=0] Checking need to trigger auto leader balancing (kafka.controller.KafkaController)
[2024-07-29 18:22:41,534] INFO [Controller id=0] New topics: [Set(my-topic)], deleted topics: [Set()], new partition replica assignment [Set(TopicIdReplicaAssignment(my-topic,Some(lYqWMXu1SSu_95cU0ytTNg),Map(my-topic-0 -> ReplicaAssignment(replicas=0, addingReplicas=, removingReplicas=))))] (kafka.controller.KafkaController)
[2024-07-29 18:22:41,544] INFO [Controller id=0] New partition creation callback for my-topic-0 (kafka.controller.KafkaController)
[2024-07-29 18:22:42,074] INFO [Controller id=0] New topics: [Set(__consumer_offsets)], deleted topics: [Set()], new partition replica assignment [Set(TopicIdReplicaAssignment(__consumer_offsets,Some(kc1buZo9SYareSZDbqBOdA),Map(__consumer_offsets-22 -> ReplicaAssignment(replicas=0, addingReplicas=, removingReplicas=), __consumer_offsets-30 -> ReplicaAssignment(replicas=0, addingReplicas=, removingReplicas=), __consumer_offsets-8 -> ReplicaAssignment(replicas=0, addingReplicas=, removingReplicas=), __consumer_offsets-21 -> ReplicaAssignment(replicas=0, addingReplicas=, removingReplicas=), __consumer_offsets-4 -> ReplicaAssignment(replicas=0, addingReplicas=, removingReplicas=), __consumer_offsets-27 -> ReplicaAssignment(replicas=0, addingReplicas=, removingReplicas=), __consumer_offsets-7 -> ReplicaAssignment(replicas=0, addingReplicas=, removingReplicas=), __consumer_offsets-9 -> ReplicaAssignment(replicas=0, addingReplicas=, removingReplicas=), __consumer_offsets-46 -> ReplicaAssignment(replicas=0, addingReplicas=, removingReplicas=), __consumer_offsets-25 -> ReplicaAssignment(replicas=0, addingReplicas=, removingReplicas=), __consumer_offsets-35 -> ReplicaAssignment(replicas=0, addingReplicas=, removingReplicas=), __consumer_offsets-41 -> ReplicaAssignment(replicas=0, addingReplicas=, removingReplicas=), __consumer_offsets-33 -> ReplicaAssignment(replicas=0, addingReplicas=, removingReplicas=), __consumer_offsets-23 -> ReplicaAssignment(replicas=0, addingReplicas=, removingReplicas=), __consumer_offsets-49 -> ReplicaAssignment(replicas=0, addingReplicas=, removingReplicas=), __consumer_offsets-47 -> ReplicaAssignment(replicas=0, addingReplicas=, removingReplicas=), __consumer_offsets-16 -> ReplicaAssignment(replicas=0, addingReplicas=, removingReplicas=), __consumer_offsets-28 -> ReplicaAssignment(replicas=0, addingReplicas=, removingReplicas=), __consumer_offsets-31 -> ReplicaAssignment(replicas=0, addingReplicas=, removingReplicas=), __consumer_offsets-36 -> ReplicaAssignment(replicas=0, addingReplicas=, removingReplicas=), __consumer_offsets-42 -> ReplicaAssignment(replicas=0, addingReplicas=, removingReplicas=), __consumer_offsets-3 -> ReplicaAssignment(replicas=0, addingReplicas=, removingReplicas=), __consumer_offsets-18 -> ReplicaAssignment(replicas=0, addingReplicas=, removingReplicas=), __consumer_offsets-37 -> ReplicaAssignment(replicas=0, addingReplicas=, removingReplicas=), __consumer_offsets-15 -> ReplicaAssignment(replicas=0, addingReplicas=, removingReplicas=), __consumer_offsets-24 -> ReplicaAssignment(replicas=0, addingReplicas=, removingReplicas=), __consumer_offsets-38 -> ReplicaAssignment(replicas=0, addingReplicas=, removingReplicas=), __consumer_offsets-17 -> ReplicaAssignment(replicas=0, addingReplicas=, removingReplicas=), __consumer_offsets-48 -> ReplicaAssignment(replicas=0, addingReplicas=, removingReplicas=), __consumer_offsets-19 -> ReplicaAssignment(replicas=0, addingReplicas=, removingReplicas=), __consumer_offsets-11 -> ReplicaAssignment(replicas=0, addingReplicas=, removingReplicas=), __consumer_offsets-13 -> ReplicaAssignment(replicas=0, addingReplicas=, removingReplicas=), __consumer_offsets-2 -> ReplicaAssignment(replicas=0, addingReplicas=, removingReplicas=), __consumer_offsets-43 -> ReplicaAssignment(replicas=0, addingReplicas=, removingReplicas=), __consumer_offsets-6 -> ReplicaAssignment(replicas=0, addingReplicas=, removingReplicas=), __consumer_offsets-14 -> ReplicaAssignment(replicas=0, addingReplicas=, removingReplicas=), __consumer_offsets-20 -> ReplicaAssignment(replicas=0, addingReplicas=, removingReplicas=), __consumer_offsets-0 -> ReplicaAssignment(replicas=0, addingReplicas=, removingReplicas=), __consumer_offsets-44 -> ReplicaAssignment(replicas=0, addingReplicas=, removingReplicas=), __consumer_offsets-39 -> ReplicaAssignment(replicas=0, addingReplicas=, removingReplicas=), __consumer_offsets-12 -> ReplicaAssignment(replicas=0, addingReplicas=, removingReplicas=), __consumer_offsets-45 -> ReplicaAssignment(replicas=0, addingReplicas=, removingReplicas=), __consumer_offsets-1 -> ReplicaAssignment(replicas=0, addingReplicas=, removingReplicas=), __consumer_offsets-5 -> ReplicaAssignment(replicas=0, addingReplicas=, removingReplicas=), __consumer_offsets-26 -> ReplicaAssignment(replicas=0, addingReplicas=, removingReplicas=), __consumer_offsets-29 -> ReplicaAssignment(replicas=0, addingReplicas=, removingReplicas=), __consumer_offsets-34 -> ReplicaAssignment(replicas=0, addingReplicas=, removingReplicas=), __consumer_offsets-10 -> ReplicaAssignment(replicas=0, addingReplicas=, removingReplicas=), __consumer_offsets-32 -> ReplicaAssignment(replicas=0, addingReplicas=, removingReplicas=), __consumer_offsets-40 -> ReplicaAssignment(replicas=0, addingReplicas=, removingReplicas=))))] (kafka.controller.KafkaController)
[2024-07-29 18:22:42,075] INFO [Controller id=0] New partition creation callback for __consumer_offsets-22,__consumer_offsets-30,__consumer_offsets-8,__consumer_offsets-21,__consumer_offsets-4,__consumer_offsets-27,__consumer_offsets-7,__consumer_offsets-9,__consumer_offsets-46,__consumer_offsets-25,__consumer_offsets-35,__consumer_offsets-41,__consumer_offsets-33,__consumer_offsets-23,__consumer_offsets-49,__consumer_offsets-47,__consumer_offsets-16,__consumer_offsets-28,__consumer_offsets-31,__consumer_offsets-36,__consumer_offsets-42,__consumer_offsets-3,__consumer_offsets-18,__consumer_offsets-37,__consumer_offsets-15,__consumer_offsets-24,__consumer_offsets-38,__consumer_offsets-17,__consumer_offsets-48,__consumer_offsets-19,__consumer_offsets-11,__consumer_offsets-13,__consumer_offsets-2,__consumer_offsets-43,__consumer_offsets-6,__consumer_offsets-14,__consumer_offsets-20,__consumer_offsets-0,__consumer_offsets-44,__consumer_offsets-39,__consumer_offsets-12,__consumer_offsets-45,__consumer_offsets-1,__consumer_offsets-5,__consumer_offsets-26,__consumer_offsets-29,__consumer_offsets-34,__consumer_offsets-10,__consumer_offsets-32,__consumer_offsets-40 (kafka.controller.KafkaController)
[2024-07-29 18:25:37,683] DEBUG [Controller id=0] There is no producerId block yet (Zk path version 0), creating the first block (kafka.controller.KafkaController)
[2024-07-29 18:25:37,701] INFO [Controller id=0] Acquired new producerId block ProducerIdsBlock(assignedBrokerId=0, firstProducerId=0, size=1000) by writing to Zk with path version 1 (kafka.controller.KafkaController)
[2024-07-29 18:27:00,498] INFO [Controller id=0] Processing automatic preferred replica leader election (kafka.controller.KafkaController)
[2024-07-29 18:27:00,498] TRACE [Controller id=0] Checking need to trigger auto leader balancing (kafka.controller.KafkaController)
[2024-07-29 18:27:00,508] DEBUG [Controller id=0] Topics not in preferred replica for broker 0 Map() (kafka.controller.KafkaController)
[2024-07-29 18:27:00,511] TRACE [Controller id=0] Leader imbalance ratio for broker 0 is 0.0 (kafka.controller.KafkaController)
[2024-07-29 18:32:00,523] INFO [Controller id=0] Processing automatic preferred replica leader election (kafka.controller.KafkaController)
[2024-07-29 18:32:00,523] TRACE [Controller id=0] Checking need to trigger auto leader balancing (kafka.controller.KafkaController)
[2024-07-29 18:32:00,532] DEBUG [Controller id=0] Topics not in preferred replica for broker 0 Map() (kafka.controller.KafkaController)
[2024-07-29 18:32:00,533] TRACE [Controller id=0] Leader imbalance ratio for broker 0 is 0.0 (kafka.controller.KafkaController)
[2024-07-29 18:37:00,536] INFO [Controller id=0] Processing automatic preferred replica leader election (kafka.controller.KafkaController)
[2024-07-29 18:37:00,536] TRACE [Controller id=0] Checking need to trigger auto leader balancing (kafka.controller.KafkaController)
[2024-07-29 18:37:00,540] DEBUG [Controller id=0] Topics not in preferred replica for broker 0 Map() (kafka.controller.KafkaController)
[2024-07-29 18:37:00,541] TRACE [Controller id=0] Leader imbalance ratio for broker 0 is 0.0 (kafka.controller.KafkaController)
[2024-07-29 18:42:00,546] INFO [Controller id=0] Processing automatic preferred replica leader election (kafka.controller.KafkaController)
[2024-07-29 18:42:00,546] TRACE [Controller id=0] Checking need to trigger auto leader balancing (kafka.controller.KafkaController)
[2024-07-29 18:42:00,548] DEBUG [Controller id=0] Topics not in preferred replica for broker 0 Map() (kafka.controller.KafkaController)
[2024-07-29 18:42:00,549] TRACE [Controller id=0] Leader imbalance ratio for broker 0 is 0.0 (kafka.controller.KafkaController)
[2024-07-29 18:47:00,552] INFO [Controller id=0] Processing automatic preferred replica leader election (kafka.controller.KafkaController)
[2024-07-29 18:47:00,552] TRACE [Controller id=0] Checking need to trigger auto leader balancing (kafka.controller.KafkaController)
[2024-07-29 18:47:00,556] DEBUG [Controller id=0] Topics not in preferred replica for broker 0 Map() (kafka.controller.KafkaController)
[2024-07-29 18:47:00,556] TRACE [Controller id=0] Leader imbalance ratio for broker 0 is 0.0 (kafka.controller.KafkaController)
[2024-07-29 18:52:00,557] INFO [Controller id=0] Processing automatic preferred replica leader election (kafka.controller.KafkaController)
[2024-07-29 18:52:00,557] TRACE [Controller id=0] Checking need to trigger auto leader balancing (kafka.controller.KafkaController)
[2024-07-29 18:52:00,560] DEBUG [Controller id=0] Topics not in preferred replica for broker 0 Map() (kafka.controller.KafkaController)
[2024-07-29 18:52:00,560] TRACE [Controller id=0] Leader imbalance ratio for broker 0 is 0.0 (kafka.controller.KafkaController)
[2024-07-30 14:23:09,288] DEBUG [Controller id=0] Resigning (kafka.controller.KafkaController)
[2024-07-30 14:23:09,610] DEBUG [Controller id=0] Unregister BrokerModifications handler for Set(0) (kafka.controller.KafkaController)
[2024-07-30 14:23:09,653] INFO [PartitionStateMachine controllerId=0] Stopped partition state machine (kafka.controller.ZkPartitionStateMachine)
[2024-07-30 14:23:09,666] INFO [ReplicaStateMachine controllerId=0] Stopped replica state machine (kafka.controller.ZkReplicaStateMachine)
[2024-07-30 14:23:09,681] INFO [RequestSendThread controllerId=0] Shutting down (kafka.controller.RequestSendThread)
[2024-07-30 14:23:09,686] INFO [RequestSendThread controllerId=0] Shutdown completed (kafka.controller.RequestSendThread)
[2024-07-30 14:23:09,686] INFO [RequestSendThread controllerId=0] Stopped (kafka.controller.RequestSendThread)
[2024-07-30 14:23:09,908] INFO [Controller id=0] Resigned (kafka.controller.KafkaController)
[2024-07-30 14:23:15,471] INFO [Controller id=0] 0 successfully elected as the controller. Epoch incremented to 2 and epoch zk version is now 2 (kafka.controller.KafkaController)
[2024-07-30 14:23:15,487] INFO [Controller id=0] Registering handlers (kafka.controller.KafkaController)
[2024-07-30 14:23:15,501] INFO [Controller id=0] Deleting log dir event notifications (kafka.controller.KafkaController)
[2024-07-30 14:23:15,528] INFO [Controller id=0] Deleting isr change notifications (kafka.controller.KafkaController)
[2024-07-30 14:23:15,538] INFO [Controller id=0] Initializing controller context (kafka.controller.KafkaController)
[2024-07-30 14:23:15,836] INFO [Controller id=0] Initialized broker epochs cache: Map(0 -> 143) (kafka.controller.KafkaController)
[2024-07-30 14:23:15,901] DEBUG [Controller id=0] Register BrokerModifications handler for Set(0) (kafka.controller.KafkaController)
[2024-07-30 14:23:16,408] DEBUG [Channel manager on controller 0]: Controller 0 trying to connect to broker 0 (kafka.controller.ControllerChannelManager)
[2024-07-30 14:23:16,595] INFO [Controller id=0] Currently active brokers in the cluster: Set(0) (kafka.controller.KafkaController)
[2024-07-30 14:23:16,596] INFO [Controller id=0] Currently shutting brokers in the cluster: Set() (kafka.controller.KafkaController)
[2024-07-30 14:23:16,599] INFO [Controller id=0] Current list of topics in the cluster: Set(__consumer_offsets, my-topic) (kafka.controller.KafkaController)
[2024-07-30 14:23:16,599] INFO [Controller id=0] Fetching topic deletions in progress (kafka.controller.KafkaController)
[2024-07-30 14:23:16,633] INFO [Controller id=0] List of topics to be deleted:  (kafka.controller.KafkaController)
[2024-07-30 14:23:16,633] INFO [Controller id=0] List of topics ineligible for deletion:  (kafka.controller.KafkaController)
[2024-07-30 14:23:16,633] INFO [Controller id=0] Initializing topic deletion manager (kafka.controller.KafkaController)
[2024-07-30 14:23:16,634] INFO [Topic Deletion Manager 0] Initializing manager with initial deletions: Set(), initial ineligible deletions: Set() (kafka.controller.TopicDeletionManager)
[2024-07-30 14:23:16,634] INFO [Controller id=0] Sending update metadata request (kafka.controller.KafkaController)
[2024-07-30 14:23:16,744] INFO [RequestSendThread controllerId=0] Starting (kafka.controller.RequestSendThread)
[2024-07-30 14:23:17,628] INFO [ReplicaStateMachine controllerId=0] Initializing replica state (kafka.controller.ZkReplicaStateMachine)
[2024-07-30 14:23:17,639] INFO [ReplicaStateMachine controllerId=0] Triggering online replica state changes (kafka.controller.ZkReplicaStateMachine)
[2024-07-30 14:23:18,063] INFO [ReplicaStateMachine controllerId=0] Triggering offline replica state changes (kafka.controller.ZkReplicaStateMachine)
[2024-07-30 14:23:18,065] DEBUG [ReplicaStateMachine controllerId=0] Started replica state machine with initial state -> Map([Topic=__consumer_offsets,Partition=21,Replica=0] -> OnlineReplica, [Topic=__consumer_offsets,Partition=42,Replica=0] -> OnlineReplica, [Topic=__consumer_offsets,Partition=46,Replica=0] -> OnlineReplica, [Topic=__consumer_offsets,Partition=39,Replica=0] -> OnlineReplica, [Topic=__consumer_offsets,Partition=7,Replica=0] -> OnlineReplica, [Topic=__consumer_offsets,Partition=13,Replica=0] -> OnlineReplica, [Topic=__consumer_offsets,Partition=48,Replica=0] -> OnlineReplica, [Topic=__consumer_offsets,Partition=49,Replica=0] -> OnlineReplica, [Topic=__consumer_offsets,Partition=15,Replica=0] -> OnlineReplica, [Topic=__consumer_offsets,Partition=2,Replica=0] -> OnlineReplica, [Topic=__consumer_offsets,Partition=38,Replica=0] -> OnlineReplica, [Topic=__consumer_offsets,Partition=28,Replica=0] -> OnlineReplica, [Topic=__consumer_offsets,Partition=23,Replica=0] -> OnlineReplica, [Topic=__consumer_offsets,Partition=32,Replica=0] -> OnlineReplica, [Topic=__consumer_offsets,Partition=10,Replica=0] -> OnlineReplica, [Topic=__consumer_offsets,Partition=18,Replica=0] -> OnlineReplica, [Topic=__consumer_offsets,Partition=33,Replica=0] -> OnlineReplica, [Topic=__consumer_offsets,Partition=5,Replica=0] -> OnlineReplica, [Topic=__consumer_offsets,Partition=17,Replica=0] -> OnlineReplica, [Topic=__consumer_offsets,Partition=8,Replica=0] -> OnlineReplica, [Topic=__consumer_offsets,Partition=19,Replica=0] -> OnlineReplica, [Topic=__consumer_offsets,Partition=37,Replica=0] -> OnlineReplica, [Topic=__consumer_offsets,Partition=43,Replica=0] -> OnlineReplica, [Topic=__consumer_offsets,Partition=6,Replica=0] -> OnlineReplica, [Topic=__consumer_offsets,Partition=9,Replica=0] -> OnlineReplica, [Topic=__consumer_offsets,Partition=3,Replica=0] -> OnlineReplica, [Topic=__consumer_offsets,Partition=30,Replica=0] -> OnlineReplica, [Topic=my-topic,Partition=0,Replica=0] -> OnlineReplica, [Topic=__consumer_offsets,Partition=25,Replica=0] -> OnlineReplica, [Topic=__consumer_offsets,Partition=47,Replica=0] -> OnlineReplica, [Topic=__consumer_offsets,Partition=36,Replica=0] -> OnlineReplica, [Topic=__consumer_offsets,Partition=11,Replica=0] -> OnlineReplica, [Topic=__consumer_offsets,Partition=34,Replica=0] -> OnlineReplica, [Topic=__consumer_offsets,Partition=12,Replica=0] -> OnlineReplica, [Topic=__consumer_offsets,Partition=27,Replica=0] -> OnlineReplica, [Topic=__consumer_offsets,Partition=44,Replica=0] -> OnlineReplica, [Topic=__consumer_offsets,Partition=1,Replica=0] -> OnlineReplica, [Topic=__consumer_offsets,Partition=45,Replica=0] -> OnlineReplica, [Topic=__consumer_offsets,Partition=24,Replica=0] -> OnlineReplica, [Topic=__consumer_offsets,Partition=0,Replica=0] -> OnlineReplica, [Topic=__consumer_offsets,Partition=22,Replica=0] -> OnlineReplica, [Topic=__consumer_offsets,Partition=31,Replica=0] -> OnlineReplica, [Topic=__consumer_offsets,Partition=14,Replica=0] -> OnlineReplica, [Topic=__consumer_offsets,Partition=40,Replica=0] -> OnlineReplica, [Topic=__consumer_offsets,Partition=20,Replica=0] -> OnlineReplica, [Topic=__consumer_offsets,Partition=4,Replica=0] -> OnlineReplica, [Topic=__consumer_offsets,Partition=41,Replica=0] -> OnlineReplica, [Topic=__consumer_offsets,Partition=26,Replica=0] -> OnlineReplica, [Topic=__consumer_offsets,Partition=29,Replica=0] -> OnlineReplica, [Topic=__consumer_offsets,Partition=16,Replica=0] -> OnlineReplica, [Topic=__consumer_offsets,Partition=35,Replica=0] -> OnlineReplica) (kafka.controller.ZkReplicaStateMachine)
[2024-07-30 14:23:18,065] INFO [PartitionStateMachine controllerId=0] Initializing partition state (kafka.controller.ZkPartitionStateMachine)
[2024-07-30 14:23:18,070] INFO [PartitionStateMachine controllerId=0] Triggering online partition state changes (kafka.controller.ZkPartitionStateMachine)
[2024-07-30 14:23:18,073] DEBUG [PartitionStateMachine controllerId=0] Started partition state machine with initial state -> Map(__consumer_offsets-49 -> OnlinePartition, __consumer_offsets-38 -> OnlinePartition, __consumer_offsets-16 -> OnlinePartition, __consumer_offsets-27 -> OnlinePartition, __consumer_offsets-19 -> OnlinePartition, __consumer_offsets-8 -> OnlinePartition, __consumer_offsets-2 -> OnlinePartition, __consumer_offsets-13 -> OnlinePartition, __consumer_offsets-24 -> OnlinePartition, __consumer_offsets-35 -> OnlinePartition, __consumer_offsets-46 -> OnlinePartition, __consumer_offsets-5 -> OnlinePartition, __consumer_offsets-43 -> OnlinePartition, __consumer_offsets-32 -> OnlinePartition, __consumer_offsets-21 -> OnlinePartition, __consumer_offsets-10 -> OnlinePartition, __consumer_offsets-37 -> OnlinePartition, __consumer_offsets-48 -> OnlinePartition, __consumer_offsets-40 -> OnlinePartition, __consumer_offsets-29 -> OnlinePartition, __consumer_offsets-18 -> OnlinePartition, __consumer_offsets-7 -> OnlinePartition, __consumer_offsets-34 -> OnlinePartition, __consumer_offsets-45 -> OnlinePartition, __consumer_offsets-23 -> OnlinePartition, __consumer_offsets-26 -> OnlinePartition, __consumer_offsets-15 -> OnlinePartition, __consumer_offsets-4 -> OnlinePartition, __consumer_offsets-42 -> OnlinePartition, __consumer_offsets-20 -> OnlinePartition, __consumer_offsets-31 -> OnlinePartition, __consumer_offsets-9 -> OnlinePartition, __consumer_offsets-1 -> OnlinePartition, __consumer_offsets-12 -> OnlinePartition, my-topic-0 -> OnlinePartition, __consumer_offsets-17 -> OnlinePartition, __consumer_offsets-28 -> OnlinePartition, __consumer_offsets-6 -> OnlinePartition, __consumer_offsets-39 -> OnlinePartition, __consumer_offsets-44 -> OnlinePartition, __consumer_offsets-36 -> OnlinePartition, __consumer_offsets-47 -> OnlinePartition, __consumer_offsets-14 -> OnlinePartition, __consumer_offsets-3 -> OnlinePartition, __consumer_offsets-25 -> OnlinePartition, __consumer_offsets-41 -> OnlinePartition, __consumer_offsets-30 -> OnlinePartition, __consumer_offsets-11 -> OnlinePartition, __consumer_offsets-33 -> OnlinePartition, __consumer_offsets-22 -> OnlinePartition, __consumer_offsets-0 -> OnlinePartition) (kafka.controller.ZkPartitionStateMachine)
[2024-07-30 14:23:18,073] INFO [Controller id=0] Ready to serve as the new controller with epoch 2 (kafka.controller.KafkaController)
[2024-07-30 14:23:18,080] INFO [Controller id=0] Partitions undergoing preferred replica election:  (kafka.controller.KafkaController)
[2024-07-30 14:23:18,080] INFO [Controller id=0] Partitions that completed preferred replica election:  (kafka.controller.KafkaController)
[2024-07-30 14:23:18,081] INFO [Controller id=0] Skipping preferred replica election for partitions due to topic deletion:  (kafka.controller.KafkaController)
[2024-07-30 14:23:18,081] INFO [Controller id=0] Resuming preferred replica election for partitions:  (kafka.controller.KafkaController)
[2024-07-30 14:23:18,082] INFO [Controller id=0] Starting replica leader election (PREFERRED) for partitions  triggered by ZkTriggered (kafka.controller.KafkaController)
[2024-07-30 14:23:18,239] INFO [Controller id=0] Starting the controller scheduler (kafka.controller.KafkaController)
[2024-07-30 14:23:18,499] WARN [RequestSendThread controllerId=0] Controller 0's connection to broker 192.168.0.193:9092 (id: 0 rack: null) was unsuccessful (kafka.controller.RequestSendThread)
java.io.IOException: Connection to 192.168.0.193:9092 (id: 0 rack: null) failed.
	at org.apache.kafka.clients.NetworkClientUtils.awaitReady(NetworkClientUtils.java:70)
	at kafka.controller.RequestSendThread.brokerReady(ControllerChannelManager.scala:296)
	at kafka.controller.RequestSendThread.doWork(ControllerChannelManager.scala:249)
	at org.apache.kafka.server.util.ShutdownableThread.run(ShutdownableThread.java:127)
[2024-07-30 14:23:18,911] WARN [RequestSendThread controllerId=0] Controller 0's connection to broker 192.168.0.193:9092 (id: 0 rack: null) was unsuccessful (kafka.controller.RequestSendThread)
java.io.IOException: Connection to 192.168.0.193:9092 (id: 0 rack: null) failed.
	at org.apache.kafka.clients.NetworkClientUtils.awaitReady(NetworkClientUtils.java:70)
	at kafka.controller.RequestSendThread.brokerReady(ControllerChannelManager.scala:296)
	at kafka.controller.RequestSendThread.doWork(ControllerChannelManager.scala:249)
	at org.apache.kafka.server.util.ShutdownableThread.run(ShutdownableThread.java:127)
[2024-07-30 14:23:19,360] WARN [RequestSendThread controllerId=0] Controller 0's connection to broker 192.168.0.193:9092 (id: 0 rack: null) was unsuccessful (kafka.controller.RequestSendThread)
java.io.IOException: Connection to 192.168.0.193:9092 (id: 0 rack: null) failed.
	at org.apache.kafka.clients.NetworkClientUtils.awaitReady(NetworkClientUtils.java:70)
	at kafka.controller.RequestSendThread.brokerReady(ControllerChannelManager.scala:296)
	at kafka.controller.RequestSendThread.doWork(ControllerChannelManager.scala:249)
	at org.apache.kafka.server.util.ShutdownableThread.run(ShutdownableThread.java:127)
[2024-07-30 14:23:19,845] WARN [RequestSendThread controllerId=0] Controller 0's connection to broker 192.168.0.193:9092 (id: 0 rack: null) was unsuccessful (kafka.controller.RequestSendThread)
java.io.IOException: Connection to 192.168.0.193:9092 (id: 0 rack: null) failed.
	at org.apache.kafka.clients.NetworkClientUtils.awaitReady(NetworkClientUtils.java:70)
	at kafka.controller.RequestSendThread.brokerReady(ControllerChannelManager.scala:296)
	at kafka.controller.RequestSendThread.doWork(ControllerChannelManager.scala:249)
	at org.apache.kafka.server.util.ShutdownableThread.run(ShutdownableThread.java:127)
[2024-07-30 14:23:21,047] WARN [RequestSendThread controllerId=0] Controller 0's connection to broker 192.168.0.193:9092 (id: 0 rack: null) was unsuccessful (kafka.controller.RequestSendThread)
java.io.IOException: Connection to 192.168.0.193:9092 (id: 0 rack: null) failed.
	at org.apache.kafka.clients.NetworkClientUtils.awaitReady(NetworkClientUtils.java:70)
	at kafka.controller.RequestSendThread.brokerReady(ControllerChannelManager.scala:296)
	at kafka.controller.RequestSendThread.doWork(ControllerChannelManager.scala:249)
	at org.apache.kafka.server.util.ShutdownableThread.run(ShutdownableThread.java:127)
[2024-07-30 14:23:21,259] WARN [RequestSendThread controllerId=0] Controller 0's connection to broker 192.168.0.193:9092 (id: 0 rack: null) was unsuccessful (kafka.controller.RequestSendThread)
java.io.IOException: Connection to 192.168.0.193:9092 (id: 0 rack: null) failed.
	at org.apache.kafka.clients.NetworkClientUtils.awaitReady(NetworkClientUtils.java:70)
	at kafka.controller.RequestSendThread.brokerReady(ControllerChannelManager.scala:296)
	at kafka.controller.RequestSendThread.doWork(ControllerChannelManager.scala:249)
	at org.apache.kafka.server.util.ShutdownableThread.run(ShutdownableThread.java:127)
[2024-07-30 14:23:21,832] WARN [RequestSendThread controllerId=0] Controller 0's connection to broker 192.168.0.193:9092 (id: 0 rack: null) was unsuccessful (kafka.controller.RequestSendThread)
java.io.IOException: Connection to 192.168.0.193:9092 (id: 0 rack: null) failed.
	at org.apache.kafka.clients.NetworkClientUtils.awaitReady(NetworkClientUtils.java:70)
	at kafka.controller.RequestSendThread.brokerReady(ControllerChannelManager.scala:296)
	at kafka.controller.RequestSendThread.doWork(ControllerChannelManager.scala:249)
	at org.apache.kafka.server.util.ShutdownableThread.run(ShutdownableThread.java:127)
[2024-07-30 14:23:22,805] WARN [RequestSendThread controllerId=0] Controller 0's connection to broker 192.168.0.193:9092 (id: 0 rack: null) was unsuccessful (kafka.controller.RequestSendThread)
java.io.IOException: Connection to 192.168.0.193:9092 (id: 0 rack: null) failed.
	at org.apache.kafka.clients.NetworkClientUtils.awaitReady(NetworkClientUtils.java:70)
	at kafka.controller.RequestSendThread.brokerReady(ControllerChannelManager.scala:296)
	at kafka.controller.RequestSendThread.doWork(ControllerChannelManager.scala:249)
	at org.apache.kafka.server.util.ShutdownableThread.run(ShutdownableThread.java:127)
[2024-07-30 14:23:23,329] INFO [Controller id=0] Processing automatic preferred replica leader election (kafka.controller.KafkaController)
[2024-07-30 14:23:23,330] TRACE [Controller id=0] Checking need to trigger auto leader balancing (kafka.controller.KafkaController)
[2024-07-30 14:23:23,333] DEBUG [Controller id=0] Topics not in preferred replica for broker 0 Map() (kafka.controller.KafkaController)
[2024-07-30 14:23:23,335] TRACE [Controller id=0] Leader imbalance ratio for broker 0 is 0.0 (kafka.controller.KafkaController)
[2024-07-30 14:23:44,690] WARN [RequestSendThread controllerId=0] Controller 0's connection to broker 192.168.0.193:9092 (id: 0 rack: null) was unsuccessful (kafka.controller.RequestSendThread)
java.io.IOException: Connection to 192.168.0.193:9092 (id: 0 rack: null) failed.
	at org.apache.kafka.clients.NetworkClientUtils.awaitReady(NetworkClientUtils.java:70)
	at kafka.controller.RequestSendThread.brokerReady(ControllerChannelManager.scala:296)
	at kafka.controller.RequestSendThread.doWork(ControllerChannelManager.scala:249)
	at org.apache.kafka.server.util.ShutdownableThread.run(ShutdownableThread.java:127)
[2024-07-30 14:24:06,375] WARN [RequestSendThread controllerId=0] Controller 0's connection to broker 192.168.0.193:9092 (id: 0 rack: null) was unsuccessful (kafka.controller.RequestSendThread)
java.io.IOException: Connection to 192.168.0.193:9092 (id: 0 rack: null) failed.
	at org.apache.kafka.clients.NetworkClientUtils.awaitReady(NetworkClientUtils.java:70)
	at kafka.controller.RequestSendThread.brokerReady(ControllerChannelManager.scala:296)
	at kafka.controller.RequestSendThread.doWork(ControllerChannelManager.scala:249)
	at org.apache.kafka.server.util.ShutdownableThread.run(ShutdownableThread.java:127)
[2024-07-30 14:24:27,926] WARN [RequestSendThread controllerId=0] Controller 0's connection to broker 192.168.0.193:9092 (id: 0 rack: null) was unsuccessful (kafka.controller.RequestSendThread)
java.io.IOException: Connection to 192.168.0.193:9092 (id: 0 rack: null) failed.
	at org.apache.kafka.clients.NetworkClientUtils.awaitReady(NetworkClientUtils.java:70)
	at kafka.controller.RequestSendThread.brokerReady(ControllerChannelManager.scala:296)
	at kafka.controller.RequestSendThread.doWork(ControllerChannelManager.scala:249)
	at org.apache.kafka.server.util.ShutdownableThread.run(ShutdownableThread.java:127)
[2024-07-30 14:24:49,082] WARN [RequestSendThread controllerId=0] Controller 0's connection to broker 192.168.0.193:9092 (id: 0 rack: null) was unsuccessful (kafka.controller.RequestSendThread)
java.io.IOException: Connection to 192.168.0.193:9092 (id: 0 rack: null) failed.
	at org.apache.kafka.clients.NetworkClientUtils.awaitReady(NetworkClientUtils.java:70)
	at kafka.controller.RequestSendThread.brokerReady(ControllerChannelManager.scala:296)
	at kafka.controller.RequestSendThread.doWork(ControllerChannelManager.scala:249)
	at org.apache.kafka.server.util.ShutdownableThread.run(ShutdownableThread.java:127)
[2024-07-30 14:25:10,304] WARN [RequestSendThread controllerId=0] Controller 0's connection to broker 192.168.0.193:9092 (id: 0 rack: null) was unsuccessful (kafka.controller.RequestSendThread)
java.io.IOException: Connection to 192.168.0.193:9092 (id: 0 rack: null) failed.
	at org.apache.kafka.clients.NetworkClientUtils.awaitReady(NetworkClientUtils.java:70)
	at kafka.controller.RequestSendThread.brokerReady(ControllerChannelManager.scala:296)
	at kafka.controller.RequestSendThread.doWork(ControllerChannelManager.scala:249)
	at org.apache.kafka.server.util.ShutdownableThread.run(ShutdownableThread.java:127)
[2024-07-30 14:25:31,600] WARN [RequestSendThread controllerId=0] Controller 0's connection to broker 192.168.0.193:9092 (id: 0 rack: null) was unsuccessful (kafka.controller.RequestSendThread)
java.io.IOException: Connection to 192.168.0.193:9092 (id: 0 rack: null) failed.
	at org.apache.kafka.clients.NetworkClientUtils.awaitReady(NetworkClientUtils.java:70)
	at kafka.controller.RequestSendThread.brokerReady(ControllerChannelManager.scala:296)
	at kafka.controller.RequestSendThread.doWork(ControllerChannelManager.scala:249)
	at org.apache.kafka.server.util.ShutdownableThread.run(ShutdownableThread.java:127)
[2024-07-30 14:25:52,777] WARN [RequestSendThread controllerId=0] Controller 0's connection to broker 192.168.0.193:9092 (id: 0 rack: null) was unsuccessful (kafka.controller.RequestSendThread)
java.io.IOException: Connection to 192.168.0.193:9092 (id: 0 rack: null) failed.
	at org.apache.kafka.clients.NetworkClientUtils.awaitReady(NetworkClientUtils.java:70)
	at kafka.controller.RequestSendThread.brokerReady(ControllerChannelManager.scala:296)
	at kafka.controller.RequestSendThread.doWork(ControllerChannelManager.scala:249)
	at org.apache.kafka.server.util.ShutdownableThread.run(ShutdownableThread.java:127)
[2024-07-30 14:25:55,223] WARN [RequestSendThread controllerId=0] Controller 0's connection to broker 192.168.0.193:9092 (id: 0 rack: null) was unsuccessful (kafka.controller.RequestSendThread)
java.io.IOException: Connection to 192.168.0.193:9092 (id: 0 rack: null) failed.
	at org.apache.kafka.clients.NetworkClientUtils.awaitReady(NetworkClientUtils.java:70)
	at kafka.controller.RequestSendThread.brokerReady(ControllerChannelManager.scala:296)
	at kafka.controller.RequestSendThread.doWork(ControllerChannelManager.scala:249)
	at org.apache.kafka.server.util.ShutdownableThread.run(ShutdownableThread.java:127)
[2024-07-30 14:25:55,450] WARN [RequestSendThread controllerId=0] Controller 0's connection to broker 192.168.0.193:9092 (id: 0 rack: null) was unsuccessful (kafka.controller.RequestSendThread)
java.io.IOException: Connection to 192.168.0.193:9092 (id: 0 rack: null) failed.
	at org.apache.kafka.clients.NetworkClientUtils.awaitReady(NetworkClientUtils.java:70)
	at kafka.controller.RequestSendThread.brokerReady(ControllerChannelManager.scala:296)
	at kafka.controller.RequestSendThread.doWork(ControllerChannelManager.scala:249)
	at org.apache.kafka.server.util.ShutdownableThread.run(ShutdownableThread.java:127)
[2024-07-30 14:25:55,583] WARN [RequestSendThread controllerId=0] Controller 0's connection to broker 192.168.0.193:9092 (id: 0 rack: null) was unsuccessful (kafka.controller.RequestSendThread)
java.io.IOException: Connection to 192.168.0.193:9092 (id: 0 rack: null) failed.
	at org.apache.kafka.clients.NetworkClientUtils.awaitReady(NetworkClientUtils.java:70)
	at kafka.controller.RequestSendThread.brokerReady(ControllerChannelManager.scala:296)
	at kafka.controller.RequestSendThread.doWork(ControllerChannelManager.scala:249)
	at org.apache.kafka.server.util.ShutdownableThread.run(ShutdownableThread.java:127)
[2024-07-30 14:25:55,707] WARN [RequestSendThread controllerId=0] Controller 0's connection to broker 192.168.0.193:9092 (id: 0 rack: null) was unsuccessful (kafka.controller.RequestSendThread)
java.io.IOException: Connection to 192.168.0.193:9092 (id: 0 rack: null) failed.
	at org.apache.kafka.clients.NetworkClientUtils.awaitReady(NetworkClientUtils.java:70)
	at kafka.controller.RequestSendThread.brokerReady(ControllerChannelManager.scala:296)
	at kafka.controller.RequestSendThread.doWork(ControllerChannelManager.scala:249)
	at org.apache.kafka.server.util.ShutdownableThread.run(ShutdownableThread.java:127)
[2024-07-30 14:25:55,827] WARN [RequestSendThread controllerId=0] Controller 0's connection to broker 192.168.0.193:9092 (id: 0 rack: null) was unsuccessful (kafka.controller.RequestSendThread)
java.io.IOException: Connection to 192.168.0.193:9092 (id: 0 rack: null) failed.
	at org.apache.kafka.clients.NetworkClientUtils.awaitReady(NetworkClientUtils.java:70)
	at kafka.controller.RequestSendThread.brokerReady(ControllerChannelManager.scala:296)
	at kafka.controller.RequestSendThread.doWork(ControllerChannelManager.scala:249)
	at org.apache.kafka.server.util.ShutdownableThread.run(ShutdownableThread.java:127)
[2024-07-30 14:25:55,950] WARN [RequestSendThread controllerId=0] Controller 0's connection to broker 192.168.0.193:9092 (id: 0 rack: null) was unsuccessful (kafka.controller.RequestSendThread)
java.io.IOException: Connection to 192.168.0.193:9092 (id: 0 rack: null) failed.
	at org.apache.kafka.clients.NetworkClientUtils.awaitReady(NetworkClientUtils.java:70)
	at kafka.controller.RequestSendThread.brokerReady(ControllerChannelManager.scala:296)
	at kafka.controller.RequestSendThread.doWork(ControllerChannelManager.scala:249)
	at org.apache.kafka.server.util.ShutdownableThread.run(ShutdownableThread.java:127)
[2024-07-30 14:25:56,058] WARN [RequestSendThread controllerId=0] Controller 0's connection to broker 192.168.0.193:9092 (id: 0 rack: null) was unsuccessful (kafka.controller.RequestSendThread)
java.io.IOException: Connection to 192.168.0.193:9092 (id: 0 rack: null) failed.
	at org.apache.kafka.clients.NetworkClientUtils.awaitReady(NetworkClientUtils.java:70)
	at kafka.controller.RequestSendThread.brokerReady(ControllerChannelManager.scala:296)
	at kafka.controller.RequestSendThread.doWork(ControllerChannelManager.scala:249)
	at org.apache.kafka.server.util.ShutdownableThread.run(ShutdownableThread.java:127)
[2024-07-30 14:25:56,167] WARN [RequestSendThread controllerId=0] Controller 0's connection to broker 192.168.0.193:9092 (id: 0 rack: null) was unsuccessful (kafka.controller.RequestSendThread)
java.io.IOException: Connection to 192.168.0.193:9092 (id: 0 rack: null) failed.
	at org.apache.kafka.clients.NetworkClientUtils.awaitReady(NetworkClientUtils.java:70)
	at kafka.controller.RequestSendThread.brokerReady(ControllerChannelManager.scala:296)
	at kafka.controller.RequestSendThread.doWork(ControllerChannelManager.scala:249)
	at org.apache.kafka.server.util.ShutdownableThread.run(ShutdownableThread.java:127)
[2024-07-30 14:25:56,289] WARN [RequestSendThread controllerId=0] Controller 0's connection to broker 192.168.0.193:9092 (id: 0 rack: null) was unsuccessful (kafka.controller.RequestSendThread)
java.io.IOException: Connection to 192.168.0.193:9092 (id: 0 rack: null) failed.
	at org.apache.kafka.clients.NetworkClientUtils.awaitReady(NetworkClientUtils.java:70)
	at kafka.controller.RequestSendThread.brokerReady(ControllerChannelManager.scala:296)
	at kafka.controller.RequestSendThread.doWork(ControllerChannelManager.scala:249)
	at org.apache.kafka.server.util.ShutdownableThread.run(ShutdownableThread.java:127)
[2024-07-30 14:25:56,407] WARN [RequestSendThread controllerId=0] Controller 0's connection to broker 192.168.0.193:9092 (id: 0 rack: null) was unsuccessful (kafka.controller.RequestSendThread)
java.io.IOException: Connection to 192.168.0.193:9092 (id: 0 rack: null) failed.
	at org.apache.kafka.clients.NetworkClientUtils.awaitReady(NetworkClientUtils.java:70)
	at kafka.controller.RequestSendThread.brokerReady(ControllerChannelManager.scala:296)
	at kafka.controller.RequestSendThread.doWork(ControllerChannelManager.scala:249)
	at org.apache.kafka.server.util.ShutdownableThread.run(ShutdownableThread.java:127)
[2024-07-30 14:25:56,522] WARN [RequestSendThread controllerId=0] Controller 0's connection to broker 192.168.0.193:9092 (id: 0 rack: null) was unsuccessful (kafka.controller.RequestSendThread)
java.io.IOException: Connection to 192.168.0.193:9092 (id: 0 rack: null) failed.
	at org.apache.kafka.clients.NetworkClientUtils.awaitReady(NetworkClientUtils.java:70)
	at kafka.controller.RequestSendThread.brokerReady(ControllerChannelManager.scala:296)
	at kafka.controller.RequestSendThread.doWork(ControllerChannelManager.scala:249)
	at org.apache.kafka.server.util.ShutdownableThread.run(ShutdownableThread.java:127)
[2024-07-30 14:25:56,668] WARN [RequestSendThread controllerId=0] Controller 0's connection to broker 192.168.0.193:9092 (id: 0 rack: null) was unsuccessful (kafka.controller.RequestSendThread)
java.io.IOException: Connection to 192.168.0.193:9092 (id: 0 rack: null) failed.
	at org.apache.kafka.clients.NetworkClientUtils.awaitReady(NetworkClientUtils.java:70)
	at kafka.controller.RequestSendThread.brokerReady(ControllerChannelManager.scala:296)
	at kafka.controller.RequestSendThread.doWork(ControllerChannelManager.scala:249)
	at org.apache.kafka.server.util.ShutdownableThread.run(ShutdownableThread.java:127)
[2024-07-30 14:25:56,798] WARN [RequestSendThread controllerId=0] Controller 0's connection to broker 192.168.0.193:9092 (id: 0 rack: null) was unsuccessful (kafka.controller.RequestSendThread)
java.io.IOException: Connection to 192.168.0.193:9092 (id: 0 rack: null) failed.
	at org.apache.kafka.clients.NetworkClientUtils.awaitReady(NetworkClientUtils.java:70)
	at kafka.controller.RequestSendThread.brokerReady(ControllerChannelManager.scala:296)
	at kafka.controller.RequestSendThread.doWork(ControllerChannelManager.scala:249)
	at org.apache.kafka.server.util.ShutdownableThread.run(ShutdownableThread.java:127)
[2024-07-30 14:25:56,909] WARN [RequestSendThread controllerId=0] Controller 0's connection to broker 192.168.0.193:9092 (id: 0 rack: null) was unsuccessful (kafka.controller.RequestSendThread)
java.io.IOException: Connection to 192.168.0.193:9092 (id: 0 rack: null) failed.
	at org.apache.kafka.clients.NetworkClientUtils.awaitReady(NetworkClientUtils.java:70)
	at kafka.controller.RequestSendThread.brokerReady(ControllerChannelManager.scala:296)
	at kafka.controller.RequestSendThread.doWork(ControllerChannelManager.scala:249)
	at org.apache.kafka.server.util.ShutdownableThread.run(ShutdownableThread.java:127)
[2024-07-30 14:25:57,019] WARN [RequestSendThread controllerId=0] Controller 0's connection to broker 192.168.0.193:9092 (id: 0 rack: null) was unsuccessful (kafka.controller.RequestSendThread)
java.io.IOException: Connection to 192.168.0.193:9092 (id: 0 rack: null) failed.
	at org.apache.kafka.clients.NetworkClientUtils.awaitReady(NetworkClientUtils.java:70)
	at kafka.controller.RequestSendThread.brokerReady(ControllerChannelManager.scala:296)
	at kafka.controller.RequestSendThread.doWork(ControllerChannelManager.scala:249)
	at org.apache.kafka.server.util.ShutdownableThread.run(ShutdownableThread.java:127)
[2024-07-30 14:25:57,128] WARN [RequestSendThread controllerId=0] Controller 0's connection to broker 192.168.0.193:9092 (id: 0 rack: null) was unsuccessful (kafka.controller.RequestSendThread)
java.io.IOException: Connection to 192.168.0.193:9092 (id: 0 rack: null) failed.
	at org.apache.kafka.clients.NetworkClientUtils.awaitReady(NetworkClientUtils.java:70)
	at kafka.controller.RequestSendThread.brokerReady(ControllerChannelManager.scala:296)
	at kafka.controller.RequestSendThread.doWork(ControllerChannelManager.scala:249)
	at org.apache.kafka.server.util.ShutdownableThread.run(ShutdownableThread.java:127)
[2024-07-30 14:25:57,239] WARN [RequestSendThread controllerId=0] Controller 0's connection to broker 192.168.0.193:9092 (id: 0 rack: null) was unsuccessful (kafka.controller.RequestSendThread)
java.io.IOException: Connection to 192.168.0.193:9092 (id: 0 rack: null) failed.
	at org.apache.kafka.clients.NetworkClientUtils.awaitReady(NetworkClientUtils.java:70)
	at kafka.controller.RequestSendThread.brokerReady(ControllerChannelManager.scala:296)
	at kafka.controller.RequestSendThread.doWork(ControllerChannelManager.scala:249)
	at org.apache.kafka.server.util.ShutdownableThread.run(ShutdownableThread.java:127)
[2024-07-30 14:25:57,403] WARN [RequestSendThread controllerId=0] Controller 0's connection to broker 192.168.0.193:9092 (id: 0 rack: null) was unsuccessful (kafka.controller.RequestSendThread)
java.io.IOException: Connection to 192.168.0.193:9092 (id: 0 rack: null) failed.
	at org.apache.kafka.clients.NetworkClientUtils.awaitReady(NetworkClientUtils.java:70)
	at kafka.controller.RequestSendThread.brokerReady(ControllerChannelManager.scala:296)
	at kafka.controller.RequestSendThread.doWork(ControllerChannelManager.scala:249)
	at org.apache.kafka.server.util.ShutdownableThread.run(ShutdownableThread.java:127)
[2024-07-30 14:25:57,525] WARN [RequestSendThread controllerId=0] Controller 0's connection to broker 192.168.0.193:9092 (id: 0 rack: null) was unsuccessful (kafka.controller.RequestSendThread)
java.io.IOException: Connection to 192.168.0.193:9092 (id: 0 rack: null) failed.
	at org.apache.kafka.clients.NetworkClientUtils.awaitReady(NetworkClientUtils.java:70)
	at kafka.controller.RequestSendThread.brokerReady(ControllerChannelManager.scala:296)
	at kafka.controller.RequestSendThread.doWork(ControllerChannelManager.scala:249)
	at org.apache.kafka.server.util.ShutdownableThread.run(ShutdownableThread.java:127)
[2024-07-30 14:25:57,651] WARN [RequestSendThread controllerId=0] Controller 0's connection to broker 192.168.0.193:9092 (id: 0 rack: null) was unsuccessful (kafka.controller.RequestSendThread)
java.io.IOException: Connection to 192.168.0.193:9092 (id: 0 rack: null) failed.
	at org.apache.kafka.clients.NetworkClientUtils.awaitReady(NetworkClientUtils.java:70)
	at kafka.controller.RequestSendThread.brokerReady(ControllerChannelManager.scala:296)
	at kafka.controller.RequestSendThread.doWork(ControllerChannelManager.scala:249)
	at org.apache.kafka.server.util.ShutdownableThread.run(ShutdownableThread.java:127)
[2024-07-30 14:25:57,778] WARN [RequestSendThread controllerId=0] Controller 0's connection to broker 192.168.0.193:9092 (id: 0 rack: null) was unsuccessful (kafka.controller.RequestSendThread)
java.io.IOException: Connection to 192.168.0.193:9092 (id: 0 rack: null) failed.
	at org.apache.kafka.clients.NetworkClientUtils.awaitReady(NetworkClientUtils.java:70)
	at kafka.controller.RequestSendThread.brokerReady(ControllerChannelManager.scala:296)
	at kafka.controller.RequestSendThread.doWork(ControllerChannelManager.scala:249)
	at org.apache.kafka.server.util.ShutdownableThread.run(ShutdownableThread.java:127)
[2024-07-30 14:25:57,898] WARN [RequestSendThread controllerId=0] Controller 0's connection to broker 192.168.0.193:9092 (id: 0 rack: null) was unsuccessful (kafka.controller.RequestSendThread)
java.io.IOException: Connection to 192.168.0.193:9092 (id: 0 rack: null) failed.
	at org.apache.kafka.clients.NetworkClientUtils.awaitReady(NetworkClientUtils.java:70)
	at kafka.controller.RequestSendThread.brokerReady(ControllerChannelManager.scala:296)
	at kafka.controller.RequestSendThread.doWork(ControllerChannelManager.scala:249)
	at org.apache.kafka.server.util.ShutdownableThread.run(ShutdownableThread.java:127)
[2024-07-30 14:25:58,093] WARN [RequestSendThread controllerId=0] Controller 0's connection to broker 192.168.0.193:9092 (id: 0 rack: null) was unsuccessful (kafka.controller.RequestSendThread)
java.io.IOException: Connection to 192.168.0.193:9092 (id: 0 rack: null) failed.
	at org.apache.kafka.clients.NetworkClientUtils.awaitReady(NetworkClientUtils.java:70)
	at kafka.controller.RequestSendThread.brokerReady(ControllerChannelManager.scala:296)
	at kafka.controller.RequestSendThread.doWork(ControllerChannelManager.scala:249)
	at org.apache.kafka.server.util.ShutdownableThread.run(ShutdownableThread.java:127)
[2024-07-30 14:25:58,246] WARN [RequestSendThread controllerId=0] Controller 0's connection to broker 192.168.0.193:9092 (id: 0 rack: null) was unsuccessful (kafka.controller.RequestSendThread)
java.io.IOException: Connection to 192.168.0.193:9092 (id: 0 rack: null) failed.
	at org.apache.kafka.clients.NetworkClientUtils.awaitReady(NetworkClientUtils.java:70)
	at kafka.controller.RequestSendThread.brokerReady(ControllerChannelManager.scala:296)
	at kafka.controller.RequestSendThread.doWork(ControllerChannelManager.scala:249)
	at org.apache.kafka.server.util.ShutdownableThread.run(ShutdownableThread.java:127)
[2024-07-30 14:25:58,502] WARN [RequestSendThread controllerId=0] Controller 0's connection to broker 192.168.0.193:9092 (id: 0 rack: null) was unsuccessful (kafka.controller.RequestSendThread)
java.io.IOException: Connection to 192.168.0.193:9092 (id: 0 rack: null) failed.
	at org.apache.kafka.clients.NetworkClientUtils.awaitReady(NetworkClientUtils.java:70)
	at kafka.controller.RequestSendThread.brokerReady(ControllerChannelManager.scala:296)
	at kafka.controller.RequestSendThread.doWork(ControllerChannelManager.scala:249)
	at org.apache.kafka.server.util.ShutdownableThread.run(ShutdownableThread.java:127)
[2024-07-30 14:25:58,661] WARN [RequestSendThread controllerId=0] Controller 0's connection to broker 192.168.0.193:9092 (id: 0 rack: null) was unsuccessful (kafka.controller.RequestSendThread)
java.io.IOException: Connection to 192.168.0.193:9092 (id: 0 rack: null) failed.
	at org.apache.kafka.clients.NetworkClientUtils.awaitReady(NetworkClientUtils.java:70)
	at kafka.controller.RequestSendThread.brokerReady(ControllerChannelManager.scala:296)
	at kafka.controller.RequestSendThread.doWork(ControllerChannelManager.scala:249)
	at org.apache.kafka.server.util.ShutdownableThread.run(ShutdownableThread.java:127)
[2024-07-30 14:25:58,810] WARN [RequestSendThread controllerId=0] Controller 0's connection to broker 192.168.0.193:9092 (id: 0 rack: null) was unsuccessful (kafka.controller.RequestSendThread)
java.io.IOException: Connection to 192.168.0.193:9092 (id: 0 rack: null) failed.
	at org.apache.kafka.clients.NetworkClientUtils.awaitReady(NetworkClientUtils.java:70)
	at kafka.controller.RequestSendThread.brokerReady(ControllerChannelManager.scala:296)
	at kafka.controller.RequestSendThread.doWork(ControllerChannelManager.scala:249)
	at org.apache.kafka.server.util.ShutdownableThread.run(ShutdownableThread.java:127)
[2024-07-30 14:25:58,937] WARN [RequestSendThread controllerId=0] Controller 0's connection to broker 192.168.0.193:9092 (id: 0 rack: null) was unsuccessful (kafka.controller.RequestSendThread)
java.io.IOException: Connection to 192.168.0.193:9092 (id: 0 rack: null) failed.
	at org.apache.kafka.clients.NetworkClientUtils.awaitReady(NetworkClientUtils.java:70)
	at kafka.controller.RequestSendThread.brokerReady(ControllerChannelManager.scala:296)
	at kafka.controller.RequestSendThread.doWork(ControllerChannelManager.scala:249)
	at org.apache.kafka.server.util.ShutdownableThread.run(ShutdownableThread.java:127)
[2024-07-30 14:25:59,061] WARN [RequestSendThread controllerId=0] Controller 0's connection to broker 192.168.0.193:9092 (id: 0 rack: null) was unsuccessful (kafka.controller.RequestSendThread)
java.io.IOException: Connection to 192.168.0.193:9092 (id: 0 rack: null) failed.
	at org.apache.kafka.clients.NetworkClientUtils.awaitReady(NetworkClientUtils.java:70)
	at kafka.controller.RequestSendThread.brokerReady(ControllerChannelManager.scala:296)
	at kafka.controller.RequestSendThread.doWork(ControllerChannelManager.scala:249)
	at org.apache.kafka.server.util.ShutdownableThread.run(ShutdownableThread.java:127)
[2024-07-30 14:25:59,190] WARN [RequestSendThread controllerId=0] Controller 0's connection to broker 192.168.0.193:9092 (id: 0 rack: null) was unsuccessful (kafka.controller.RequestSendThread)
java.io.IOException: Connection to 192.168.0.193:9092 (id: 0 rack: null) failed.
	at org.apache.kafka.clients.NetworkClientUtils.awaitReady(NetworkClientUtils.java:70)
	at kafka.controller.RequestSendThread.brokerReady(ControllerChannelManager.scala:296)
	at kafka.controller.RequestSendThread.doWork(ControllerChannelManager.scala:249)
	at org.apache.kafka.server.util.ShutdownableThread.run(ShutdownableThread.java:127)
[2024-07-30 14:25:59,311] WARN [RequestSendThread controllerId=0] Controller 0's connection to broker 192.168.0.193:9092 (id: 0 rack: null) was unsuccessful (kafka.controller.RequestSendThread)
java.io.IOException: Connection to 192.168.0.193:9092 (id: 0 rack: null) failed.
	at org.apache.kafka.clients.NetworkClientUtils.awaitReady(NetworkClientUtils.java:70)
	at kafka.controller.RequestSendThread.brokerReady(ControllerChannelManager.scala:296)
	at kafka.controller.RequestSendThread.doWork(ControllerChannelManager.scala:249)
	at org.apache.kafka.server.util.ShutdownableThread.run(ShutdownableThread.java:127)
[2024-07-30 14:25:59,436] WARN [RequestSendThread controllerId=0] Controller 0's connection to broker 192.168.0.193:9092 (id: 0 rack: null) was unsuccessful (kafka.controller.RequestSendThread)
java.io.IOException: Connection to 192.168.0.193:9092 (id: 0 rack: null) failed.
	at org.apache.kafka.clients.NetworkClientUtils.awaitReady(NetworkClientUtils.java:70)
	at kafka.controller.RequestSendThread.brokerReady(ControllerChannelManager.scala:296)
	at kafka.controller.RequestSendThread.doWork(ControllerChannelManager.scala:249)
	at org.apache.kafka.server.util.ShutdownableThread.run(ShutdownableThread.java:127)
[2024-07-30 14:25:59,597] WARN [RequestSendThread controllerId=0] Controller 0's connection to broker 192.168.0.193:9092 (id: 0 rack: null) was unsuccessful (kafka.controller.RequestSendThread)
java.io.IOException: Connection to 192.168.0.193:9092 (id: 0 rack: null) failed.
	at org.apache.kafka.clients.NetworkClientUtils.awaitReady(NetworkClientUtils.java:70)
	at kafka.controller.RequestSendThread.brokerReady(ControllerChannelManager.scala:296)
	at kafka.controller.RequestSendThread.doWork(ControllerChannelManager.scala:249)
	at org.apache.kafka.server.util.ShutdownableThread.run(ShutdownableThread.java:127)
[2024-07-30 14:25:59,727] WARN [RequestSendThread controllerId=0] Controller 0's connection to broker 192.168.0.193:9092 (id: 0 rack: null) was unsuccessful (kafka.controller.RequestSendThread)
java.io.IOException: Connection to 192.168.0.193:9092 (id: 0 rack: null) failed.
	at org.apache.kafka.clients.NetworkClientUtils.awaitReady(NetworkClientUtils.java:70)
	at kafka.controller.RequestSendThread.brokerReady(ControllerChannelManager.scala:296)
	at kafka.controller.RequestSendThread.doWork(ControllerChannelManager.scala:249)
	at org.apache.kafka.server.util.ShutdownableThread.run(ShutdownableThread.java:127)
[2024-07-30 14:25:59,849] WARN [RequestSendThread controllerId=0] Controller 0's connection to broker 192.168.0.193:9092 (id: 0 rack: null) was unsuccessful (kafka.controller.RequestSendThread)
java.io.IOException: Connection to 192.168.0.193:9092 (id: 0 rack: null) failed.
	at org.apache.kafka.clients.NetworkClientUtils.awaitReady(NetworkClientUtils.java:70)
	at kafka.controller.RequestSendThread.brokerReady(ControllerChannelManager.scala:296)
	at kafka.controller.RequestSendThread.doWork(ControllerChannelManager.scala:249)
	at org.apache.kafka.server.util.ShutdownableThread.run(ShutdownableThread.java:127)
[2024-07-30 14:25:59,976] WARN [RequestSendThread controllerId=0] Controller 0's connection to broker 192.168.0.193:9092 (id: 0 rack: null) was unsuccessful (kafka.controller.RequestSendThread)
java.io.IOException: Connection to 192.168.0.193:9092 (id: 0 rack: null) failed.
	at org.apache.kafka.clients.NetworkClientUtils.awaitReady(NetworkClientUtils.java:70)
	at kafka.controller.RequestSendThread.brokerReady(ControllerChannelManager.scala:296)
	at kafka.controller.RequestSendThread.doWork(ControllerChannelManager.scala:249)
	at org.apache.kafka.server.util.ShutdownableThread.run(ShutdownableThread.java:127)
[2024-07-30 14:26:00,397] WARN [RequestSendThread controllerId=0] Controller 0's connection to broker 192.168.0.193:9092 (id: 0 rack: null) was unsuccessful (kafka.controller.RequestSendThread)
java.io.IOException: Connection to 192.168.0.193:9092 (id: 0 rack: null) failed.
	at org.apache.kafka.clients.NetworkClientUtils.awaitReady(NetworkClientUtils.java:70)
	at kafka.controller.RequestSendThread.brokerReady(ControllerChannelManager.scala:296)
	at kafka.controller.RequestSendThread.doWork(ControllerChannelManager.scala:249)
	at org.apache.kafka.server.util.ShutdownableThread.run(ShutdownableThread.java:127)
[2024-07-30 14:26:00,643] WARN [RequestSendThread controllerId=0] Controller 0's connection to broker 192.168.0.193:9092 (id: 0 rack: null) was unsuccessful (kafka.controller.RequestSendThread)
java.io.IOException: Connection to 192.168.0.193:9092 (id: 0 rack: null) failed.
	at org.apache.kafka.clients.NetworkClientUtils.awaitReady(NetworkClientUtils.java:70)
	at kafka.controller.RequestSendThread.brokerReady(ControllerChannelManager.scala:296)
	at kafka.controller.RequestSendThread.doWork(ControllerChannelManager.scala:249)
	at org.apache.kafka.server.util.ShutdownableThread.run(ShutdownableThread.java:127)
[2024-07-30 14:26:00,791] WARN [RequestSendThread controllerId=0] Controller 0's connection to broker 192.168.0.193:9092 (id: 0 rack: null) was unsuccessful (kafka.controller.RequestSendThread)
java.io.IOException: Connection to 192.168.0.193:9092 (id: 0 rack: null) failed.
	at org.apache.kafka.clients.NetworkClientUtils.awaitReady(NetworkClientUtils.java:70)
	at kafka.controller.RequestSendThread.brokerReady(ControllerChannelManager.scala:296)
	at kafka.controller.RequestSendThread.doWork(ControllerChannelManager.scala:249)
	at org.apache.kafka.server.util.ShutdownableThread.run(ShutdownableThread.java:127)
[2024-07-30 14:26:00,902] WARN [RequestSendThread controllerId=0] Controller 0's connection to broker 192.168.0.193:9092 (id: 0 rack: null) was unsuccessful (kafka.controller.RequestSendThread)
java.io.IOException: Connection to 192.168.0.193:9092 (id: 0 rack: null) failed.
	at org.apache.kafka.clients.NetworkClientUtils.awaitReady(NetworkClientUtils.java:70)
	at kafka.controller.RequestSendThread.brokerReady(ControllerChannelManager.scala:296)
	at kafka.controller.RequestSendThread.doWork(ControllerChannelManager.scala:249)
	at org.apache.kafka.server.util.ShutdownableThread.run(ShutdownableThread.java:127)
[2024-07-30 14:26:22,277] WARN [RequestSendThread controllerId=0] Controller 0's connection to broker 192.168.0.193:9092 (id: 0 rack: null) was unsuccessful (kafka.controller.RequestSendThread)
java.io.IOException: Connection to 192.168.0.193:9092 (id: 0 rack: null) failed.
	at org.apache.kafka.clients.NetworkClientUtils.awaitReady(NetworkClientUtils.java:70)
	at kafka.controller.RequestSendThread.brokerReady(ControllerChannelManager.scala:296)
	at kafka.controller.RequestSendThread.doWork(ControllerChannelManager.scala:249)
	at org.apache.kafka.server.util.ShutdownableThread.run(ShutdownableThread.java:127)
[2024-07-30 14:26:43,418] WARN [RequestSendThread controllerId=0] Controller 0's connection to broker 192.168.0.193:9092 (id: 0 rack: null) was unsuccessful (kafka.controller.RequestSendThread)
java.io.IOException: Connection to 192.168.0.193:9092 (id: 0 rack: null) failed.
	at org.apache.kafka.clients.NetworkClientUtils.awaitReady(NetworkClientUtils.java:70)
	at kafka.controller.RequestSendThread.brokerReady(ControllerChannelManager.scala:296)
	at kafka.controller.RequestSendThread.doWork(ControllerChannelManager.scala:249)
	at org.apache.kafka.server.util.ShutdownableThread.run(ShutdownableThread.java:127)
[2024-07-30 14:27:04,574] WARN [RequestSendThread controllerId=0] Controller 0's connection to broker 192.168.0.193:9092 (id: 0 rack: null) was unsuccessful (kafka.controller.RequestSendThread)
java.io.IOException: Connection to 192.168.0.193:9092 (id: 0 rack: null) failed.
	at org.apache.kafka.clients.NetworkClientUtils.awaitReady(NetworkClientUtils.java:70)
	at kafka.controller.RequestSendThread.brokerReady(ControllerChannelManager.scala:296)
	at kafka.controller.RequestSendThread.doWork(ControllerChannelManager.scala:249)
	at org.apache.kafka.server.util.ShutdownableThread.run(ShutdownableThread.java:127)
[2024-07-30 14:27:25,743] WARN [RequestSendThread controllerId=0] Controller 0's connection to broker 192.168.0.193:9092 (id: 0 rack: null) was unsuccessful (kafka.controller.RequestSendThread)
java.io.IOException: Connection to 192.168.0.193:9092 (id: 0 rack: null) failed.
	at org.apache.kafka.clients.NetworkClientUtils.awaitReady(NetworkClientUtils.java:70)
	at kafka.controller.RequestSendThread.brokerReady(ControllerChannelManager.scala:296)
	at kafka.controller.RequestSendThread.doWork(ControllerChannelManager.scala:249)
	at org.apache.kafka.server.util.ShutdownableThread.run(ShutdownableThread.java:127)
[2024-07-30 14:27:46,898] WARN [RequestSendThread controllerId=0] Controller 0's connection to broker 192.168.0.193:9092 (id: 0 rack: null) was unsuccessful (kafka.controller.RequestSendThread)
java.io.IOException: Connection to 192.168.0.193:9092 (id: 0 rack: null) failed.
	at org.apache.kafka.clients.NetworkClientUtils.awaitReady(NetworkClientUtils.java:70)
	at kafka.controller.RequestSendThread.brokerReady(ControllerChannelManager.scala:296)
	at kafka.controller.RequestSendThread.doWork(ControllerChannelManager.scala:249)
	at org.apache.kafka.server.util.ShutdownableThread.run(ShutdownableThread.java:127)
[2024-07-30 14:28:08,045] WARN [RequestSendThread controllerId=0] Controller 0's connection to broker 192.168.0.193:9092 (id: 0 rack: null) was unsuccessful (kafka.controller.RequestSendThread)
java.io.IOException: Connection to 192.168.0.193:9092 (id: 0 rack: null) failed.
	at org.apache.kafka.clients.NetworkClientUtils.awaitReady(NetworkClientUtils.java:70)
	at kafka.controller.RequestSendThread.brokerReady(ControllerChannelManager.scala:296)
	at kafka.controller.RequestSendThread.doWork(ControllerChannelManager.scala:249)
	at org.apache.kafka.server.util.ShutdownableThread.run(ShutdownableThread.java:127)
[2024-07-30 14:28:23,359] INFO [Controller id=0] Processing automatic preferred replica leader election (kafka.controller.KafkaController)
[2024-07-30 14:28:23,359] TRACE [Controller id=0] Checking need to trigger auto leader balancing (kafka.controller.KafkaController)
[2024-07-30 14:28:23,390] DEBUG [Controller id=0] Topics not in preferred replica for broker 0 Map() (kafka.controller.KafkaController)
[2024-07-30 14:28:23,393] TRACE [Controller id=0] Leader imbalance ratio for broker 0 is 0.0 (kafka.controller.KafkaController)
[2024-07-30 14:28:29,198] WARN [RequestSendThread controllerId=0] Controller 0's connection to broker 192.168.0.193:9092 (id: 0 rack: null) was unsuccessful (kafka.controller.RequestSendThread)
java.io.IOException: Connection to 192.168.0.193:9092 (id: 0 rack: null) failed.
	at org.apache.kafka.clients.NetworkClientUtils.awaitReady(NetworkClientUtils.java:70)
	at kafka.controller.RequestSendThread.brokerReady(ControllerChannelManager.scala:296)
	at kafka.controller.RequestSendThread.doWork(ControllerChannelManager.scala:249)
	at org.apache.kafka.server.util.ShutdownableThread.run(ShutdownableThread.java:127)
[2024-07-30 14:28:50,376] WARN [RequestSendThread controllerId=0] Controller 0's connection to broker 192.168.0.193:9092 (id: 0 rack: null) was unsuccessful (kafka.controller.RequestSendThread)
java.io.IOException: Connection to 192.168.0.193:9092 (id: 0 rack: null) failed.
	at org.apache.kafka.clients.NetworkClientUtils.awaitReady(NetworkClientUtils.java:70)
	at kafka.controller.RequestSendThread.brokerReady(ControllerChannelManager.scala:296)
	at kafka.controller.RequestSendThread.doWork(ControllerChannelManager.scala:249)
	at org.apache.kafka.server.util.ShutdownableThread.run(ShutdownableThread.java:127)
